<?xml version="1.0" encoding="UTF-8"?>
<!-- Generated by org.testng.reporters.JUnitReportReporter -->
<testsuite hostname="DESKTOP-DL374AP" failures="0" tests="1" name="com.wca.alerts.AlertTest" time="10.916" errors="0" timestamp="2021-01-28T11:29:52 IST" skipped="0">
  <testcase classname="com.wca.alerts.AlertTest" name="TestAlert" time="10.916"/>
  <system-out/>
</testsuite> <!-- com.wca.alerts.AlertTest -->
